\BOOKMARK [0][-]{chapter*.6}{Introduction}{}
\BOOKMARK [0][-]{chapter.1}{Analyse}{}
\BOOKMARK [1][-]{section.1.1}{Contexte}{chapter.1}
\BOOKMARK [1][-]{section.1.2}{Besoins fonctionnels}{chapter.1}
\BOOKMARK [1][-]{section.1.3}{Besoins non fonctionnels}{chapter.1}
\BOOKMARK [1][-]{section.1.4}{Etat de l'art}{chapter.1}
\BOOKMARK [2][-]{subsection.1.4.1}{Bases de donn\351es relatives au nucl\351ole}{section.1.4}
\BOOKMARK [2][-]{subsection.1.4.2}{Les outils de mod\351lisation}{section.1.4}
\BOOKMARK [0][-]{chapter.2}{Conception}{}
\BOOKMARK [1][-]{section.2.1}{Base de donn\351es}{chapter.2}
\BOOKMARK [1][-]{section.2.2}{Prototypage de l'interface}{chapter.2}
\BOOKMARK [1][-]{section.2.3}{Mod\351lisation du nucl\351ole}{chapter.2}
\BOOKMARK [2][-]{subsection.2.3.1}{Mod\351lisation des composants du nucl\351ole}{section.2.3}
\BOOKMARK [2][-]{subsection.2.3.2}{Approche par syst\350me multi-agents}{section.2.3}
\BOOKMARK [0][-]{chapter.3}{R\351alisation}{}
\BOOKMARK [1][-]{section.3.1}{Langage et biblioth\350ques retenus}{chapter.3}
\BOOKMARK [1][-]{section.3.2}{Diagramme de classe}{chapter.3}
\BOOKMARK [1][-]{section.3.3}{Base de donn\351es}{chapter.3}
\BOOKMARK [1][-]{section.3.4}{Mod\351lisation du nucl\351ole}{chapter.3}
\BOOKMARK [2][-]{subsection.3.4.1}{Environnement}{section.3.4}
\BOOKMARK [2][-]{subsection.3.4.2}{Agents}{section.3.4}
\BOOKMARK [2][-]{subsection.3.4.3}{D\351roulement}{section.3.4}
\BOOKMARK [2][-]{subsection.3.4.4}{R\351sultats}{section.3.4}
\BOOKMARK [1][-]{section.3.5}{Fonctionnement de l'interface}{chapter.3}
\BOOKMARK [2][-]{subsection.3.5.1}{Onglet "Base de donn\351es"}{section.3.5}
\BOOKMARK [2][-]{subsection.3.5.2}{Onglet "Simulation"}{section.3.5}
\BOOKMARK [2][-]{subsection.3.5.3}{Onglet "R\351sultats"}{section.3.5}
\BOOKMARK [0][-]{chapter.4}{Cas d'utilisation}{}
\BOOKMARK [1][-]{section.4.1}{Communication avec la base de donn\351es}{chapter.4}
\BOOKMARK [1][-]{section.4.2}{Param\351trage et lancement d'une simulation}{chapter.4}
\BOOKMARK [1][-]{section.4.3}{Pr\351sentation organis\351e des r\351sultats}{chapter.4}
\BOOKMARK [0][-]{chapter*.52}{Conclusion}{}
\BOOKMARK [0][-]{section*.53}{Appendices}{}
\BOOKMARK [1][-]{section..1}{Diagramme du syst\350me multi agent}{section*.53}
\BOOKMARK [1][-]{section..2}{Vue g\351n\351rale du diagramme de classe}{section*.53}
\BOOKMARK [1][-]{section..3}{Diagramme de classe d\351taill\351}{section*.53}
\BOOKMARK [0][-]{section*.55}{Bibliographie}{}
